<?xml version="1.0" encoding="UTF-8"?>
<!-- Generated by org.testng.reporters.JUnitReportReporter -->
<testsuite hostname="W0472501MSMXT" name="runner.SearchManyFeature" tests="1" failures="0" timestamp="1 Jan 2020 11:50:48 GMT" time="19.480" errors="0">
  <testcase name="runCukes" time="19.480" classname="runner.SearchManyFeature"/>
</testsuite> <!-- runner.SearchManyFeature -->
