<?xml version="1.0" encoding="UTF-8"?>
<!-- Generated by org.testng.reporters.JUnitReportReporter -->
<testsuite hostname="W0472501MSMXT" name="runner.RunCuke" tests="1" failures="0" timestamp="31 Dec 2019 09:54:05 GMT" time="19.915" errors="0">
  <testcase name="feature" time="19.915" classname="runner.RunCuke"/>
</testsuite> <!-- runner.RunCuke -->
