<?xml version="1.0" encoding="UTF-8"?>
<!-- Generated by org.testng.reporters.JUnitReportReporter -->
<testsuite hostname="W0472501MSMXT" name="runner.SearchOutlineFeature" tests="1" failures="0" timestamp="1 Jan 2020 11:55:19 GMT" time="19.606" errors="0">
  <testcase name="runCuckes" time="19.606" classname="runner.SearchOutlineFeature"/>
</testsuite> <!-- runner.SearchOutlineFeature -->
